<?xml version="1.0" encoding="UTF-8"?>
<beans xmlns="http://www.springframework.org/schema/beans"
	xmlns:xsi="http://www.w3.org/2001/XMLSchema-instance"
	xmlns:mongo="http://www.springframework.org/schema/data/mongo"
	xmlns:context="http://www.springframework.org/schema/context"
	xsi:schemaLocation="http://www.springframework.org/schema/data/mongo http://www.springframework.org/schema/data/mongo/spring-mongo-1.0.xsd
		http://www.springframework.org/schema/beans http://www.springframework.org/schema/beans/spring-beans.xsd
		http://www.springframework.org/schema/context http://www.springframework.org/schema/context/spring-context-3.1.xsd">

	<bean id="jobRepository" class="org.springframework.batch.core.repository.support.MapJobRepositoryFactoryBean" />
	
	<bean id="transactionManager" class="org.springframework.batch.support.transaction.ResourcelessTransactionManager" />
	
	<bean id="jobLauncher" class="org.springframework.batch.core.launch.support.SimpleJobLauncher">
		<property name="jobRepository" ref="jobRepository" />
	</bean>
	
	<mongo:mongo />
	
	<bean id="databaseName" class="java.lang.String" factory-method="valueOf">
		<constructor-arg value="spring-batch-mongo-test" />
	</bean>

	<context:property-placeholder location="classpath:/mongo.properties" />

</beans>
